<?xml version="1.0" encoding="UTF-8"?>
<testsuite xmlns:xsi="http://www.w3.org/2001/XMLSchema-instance" xsi:noNamespaceSchemaLocation="https://maven.apache.org/surefire/maven-surefire-plugin/xsd/surefire-test-report.xsd" name="com.football.service.GetTeamServiceTest" time="7.028" tests="1" errors="0" skipped="0" failures="0">
  <properties>
    <property name="java.specification.version" value="14"/>
    <property name="sun.cpu.isalist" value="amd64"/>
    <property name="sun.jnu.encoding" value="Cp1252"/>
    <property name="java.class.path" value="D:\Users\Shailesh.Tripathi\IdeaProjects\Assessment\target\test-classes;D:\Users\Shailesh.Tripathi\IdeaProjects\Assessment\target\classes;D:\Users\Shailesh.Tripathi\.m2\repository\org\springframework\boot\spring-boot-starter-web\2.4.0\spring-boot-starter-web-2.4.0.jar;D:\Users\Shailesh.Tripathi\.m2\repository\org\springframework\boot\spring-boot-starter\2.4.0\spring-boot-starter-2.4.0.jar;D:\Users\Shailesh.Tripathi\.m2\repository\org\springframework\boot\spring-boot\2.4.0\spring-boot-2.4.0.jar;D:\Users\Shailesh.Tripathi\.m2\repository\org\springframework\boot\spring-boot-autoconfigure\2.4.0\spring-boot-autoconfigure-2.4.0.jar;D:\Users\Shailesh.Tripathi\.m2\repository\org\springframework\boot\spring-boot-starter-logging\2.4.0\spring-boot-starter-logging-2.4.0.jar;D:\Users\Shailesh.Tripathi\.m2\repository\ch\qos\logback\logback-classic\1.2.3\logback-classic-1.2.3.jar;D:\Users\Shailesh.Tripathi\.m2\repository\ch\qos\logback\logback-core\1.2.3\logback-core-1.2.3.jar;D:\Users\Shailesh.Tripathi\.m2\repository\org\apache\logging\log4j\log4j-to-slf4j\2.13.3\log4j-to-slf4j-2.13.3.jar;D:\Users\Shailesh.Tripathi\.m2\repository\org\apache\logging\log4j\log4j-api\2.13.3\log4j-api-2.13.3.jar;D:\Users\Shailesh.Tripathi\.m2\repository\org\slf4j\jul-to-slf4j\1.7.30\jul-to-slf4j-1.7.30.jar;D:\Users\Shailesh.Tripathi\.m2\repository\jakarta\annotation\jakarta.annotation-api\1.3.5\jakarta.annotation-api-1.3.5.jar;D:\Users\Shailesh.Tripathi\.m2\repository\org\yaml\snakeyaml\1.27\snakeyaml-1.27.jar;D:\Users\Shailesh.Tripathi\.m2\repository\org\springframework\boot\spring-boot-starter-json\2.4.0\spring-boot-starter-json-2.4.0.jar;D:\Users\Shailesh.Tripathi\.m2\repository\com\fasterxml\jackson\core\jackson-databind\2.11.3\jackson-databind-2.11.3.jar;D:\Users\Shailesh.Tripathi\.m2\repository\com\fasterxml\jackson\core\jackson-core\2.11.3\jackson-core-2.11.3.jar;D:\Users\Shailesh.Tripathi\.m2\repository\com\fasterxml\jackson\datatype\jackson-datatype-jdk8\2.11.3\jackson-datatype-jdk8-2.11.3.jar;D:\Users\Shailesh.Tripathi\.m2\repository\com\fasterxml\jackson\datatype\jackson-datatype-jsr310\2.11.3\jackson-datatype-jsr310-2.11.3.jar;D:\Users\Shailesh.Tripathi\.m2\repository\com\fasterxml\jackson\module\jackson-module-parameter-names\2.11.3\jackson-module-parameter-names-2.11.3.jar;D:\Users\Shailesh.Tripathi\.m2\repository\org\springframework\boot\spring-boot-starter-tomcat\2.4.0\spring-boot-starter-tomcat-2.4.0.jar;D:\Users\Shailesh.Tripathi\.m2\repository\org\apache\tomcat\embed\tomcat-embed-core\9.0.39\tomcat-embed-core-9.0.39.jar;D:\Users\Shailesh.Tripathi\.m2\repository\org\glassfish\jakarta.el\3.0.3\jakarta.el-3.0.3.jar;D:\Users\Shailesh.Tripathi\.m2\repository\org\apache\tomcat\embed\tomcat-embed-websocket\9.0.39\tomcat-embed-websocket-9.0.39.jar;D:\Users\Shailesh.Tripathi\.m2\repository\org\springframework\spring-web\5.3.1\spring-web-5.3.1.jar;D:\Users\Shailesh.Tripathi\.m2\repository\org\springframework\spring-beans\5.3.1\spring-beans-5.3.1.jar;D:\Users\Shailesh.Tripathi\.m2\repository\org\springframework\spring-webmvc\5.3.1\spring-webmvc-5.3.1.jar;D:\Users\Shailesh.Tripathi\.m2\repository\org\springframework\spring-aop\5.3.1\spring-aop-5.3.1.jar;D:\Users\Shailesh.Tripathi\.m2\repository\org\springframework\spring-context\5.3.1\spring-context-5.3.1.jar;D:\Users\Shailesh.Tripathi\.m2\repository\org\springframework\spring-expression\5.3.1\spring-expression-5.3.1.jar;D:\Users\Shailesh.Tripathi\.m2\repository\org\projectlombok\lombok\1.18.16\lombok-1.18.16.jar;D:\Users\Shailesh.Tripathi\.m2\repository\org\springframework\boot\spring-boot-starter-test\2.4.0\spring-boot-starter-test-2.4.0.jar;D:\Users\Shailesh.Tripathi\.m2\repository\org\springframework\boot\spring-boot-test\2.4.0\spring-boot-test-2.4.0.jar;D:\Users\Shailesh.Tripathi\.m2\repository\org\springframework\boot\spring-boot-test-autoconfigure\2.4.0\spring-boot-test-autoconfigure-2.4.0.jar;D:\Users\Shailesh.Tripathi\.m2\repository\com\jayway\jsonpath\json-path\2.4.0\json-path-2.4.0.jar;D:\Users\Shailesh.Tripathi\.m2\repository\net\minidev\json-smart\2.3\json-smart-2.3.jar;D:\Users\Shailesh.Tripathi\.m2\repository\net\minidev\accessors-smart\1.2\accessors-smart-1.2.jar;D:\Users\Shailesh.Tripathi\.m2\repository\org\ow2\asm\asm\5.0.4\asm-5.0.4.jar;D:\Users\Shailesh.Tripathi\.m2\repository\org\slf4j\slf4j-api\1.7.30\slf4j-api-1.7.30.jar;D:\Users\Shailesh.Tripathi\.m2\repository\jakarta\xml\bind\jakarta.xml.bind-api\2.3.3\jakarta.xml.bind-api-2.3.3.jar;D:\Users\Shailesh.Tripathi\.m2\repository\jakarta\activation\jakarta.activation-api\1.2.2\jakarta.activation-api-1.2.2.jar;D:\Users\Shailesh.Tripathi\.m2\repository\org\assertj\assertj-core\3.18.1\assertj-core-3.18.1.jar;D:\Users\Shailesh.Tripathi\.m2\repository\org\hamcrest\hamcrest\2.2\hamcrest-2.2.jar;D:\Users\Shailesh.Tripathi\.m2\repository\org\junit\jupiter\junit-jupiter\5.7.0\junit-jupiter-5.7.0.jar;D:\Users\Shailesh.Tripathi\.m2\repository\org\junit\jupiter\junit-jupiter-api\5.7.0\junit-jupiter-api-5.7.0.jar;D:\Users\Shailesh.Tripathi\.m2\repository\org\apiguardian\apiguardian-api\1.1.0\apiguardian-api-1.1.0.jar;D:\Users\Shailesh.Tripathi\.m2\repository\org\opentest4j\opentest4j\1.2.0\opentest4j-1.2.0.jar;D:\Users\Shailesh.Tripathi\.m2\repository\org\junit\platform\junit-platform-commons\1.7.0\junit-platform-commons-1.7.0.jar;D:\Users\Shailesh.Tripathi\.m2\repository\org\junit\jupiter\junit-jupiter-params\5.7.0\junit-jupiter-params-5.7.0.jar;D:\Users\Shailesh.Tripathi\.m2\repository\org\junit\jupiter\junit-jupiter-engine\5.7.0\junit-jupiter-engine-5.7.0.jar;D:\Users\Shailesh.Tripathi\.m2\repository\org\junit\platform\junit-platform-engine\1.7.0\junit-platform-engine-1.7.0.jar;D:\Users\Shailesh.Tripathi\.m2\repository\org\mockito\mockito-core\3.6.0\mockito-core-3.6.0.jar;D:\Users\Shailesh.Tripathi\.m2\repository\net\bytebuddy\byte-buddy\1.10.18\byte-buddy-1.10.18.jar;D:\Users\Shailesh.Tripathi\.m2\repository\net\bytebuddy\byte-buddy-agent\1.10.18\byte-buddy-agent-1.10.18.jar;D:\Users\Shailesh.Tripathi\.m2\repository\org\objenesis\objenesis\3.1\objenesis-3.1.jar;D:\Users\Shailesh.Tripathi\.m2\repository\org\mockito\mockito-junit-jupiter\3.6.0\mockito-junit-jupiter-3.6.0.jar;D:\Users\Shailesh.Tripathi\.m2\repository\org\skyscreamer\jsonassert\1.5.0\jsonassert-1.5.0.jar;D:\Users\Shailesh.Tripathi\.m2\repository\com\vaadin\external\google\android-json\0.0.20131108.vaadin1\android-json-0.0.20131108.vaadin1.jar;D:\Users\Shailesh.Tripathi\.m2\repository\org\springframework\spring-core\5.3.1\spring-core-5.3.1.jar;D:\Users\Shailesh.Tripathi\.m2\repository\org\springframework\spring-jcl\5.3.1\spring-jcl-5.3.1.jar;D:\Users\Shailesh.Tripathi\.m2\repository\org\springframework\spring-test\5.3.1\spring-test-5.3.1.jar;D:\Users\Shailesh.Tripathi\.m2\repository\org\xmlunit\xmlunit-core\2.7.0\xmlunit-core-2.7.0.jar;D:\Users\Shailesh.Tripathi\.m2\repository\org\apache\httpcomponents\httpclient\4.5.2\httpclient-4.5.2.jar;D:\Users\Shailesh.Tripathi\.m2\repository\org\apache\httpcomponents\httpcore\4.4.13\httpcore-4.4.13.jar;D:\Users\Shailesh.Tripathi\.m2\repository\commons-codec\commons-codec\1.15\commons-codec-1.15.jar;D:\Users\Shailesh.Tripathi\.m2\repository\junit\junit\4.13.1\junit-4.13.1.jar;D:\Users\Shailesh.Tripathi\.m2\repository\org\hamcrest\hamcrest-core\2.2\hamcrest-core-2.2.jar;D:\Users\Shailesh.Tripathi\.m2\repository\com\google\guava\guava\28.2-android\guava-28.2-android.jar;D:\Users\Shailesh.Tripathi\.m2\repository\com\google\guava\failureaccess\1.0.1\failureaccess-1.0.1.jar;D:\Users\Shailesh.Tripathi\.m2\repository\com\google\guava\listenablefuture\9999.0-empty-to-avoid-conflict-with-guava\listenablefuture-9999.0-empty-to-avoid-conflict-with-guava.jar;D:\Users\Shailesh.Tripathi\.m2\repository\com\google\code\findbugs\jsr305\3.0.2\jsr305-3.0.2.jar;D:\Users\Shailesh.Tripathi\.m2\repository\org\checkerframework\checker-compat-qual\2.5.5\checker-compat-qual-2.5.5.jar;D:\Users\Shailesh.Tripathi\.m2\repository\com\google\errorprone\error_prone_annotations\2.3.4\error_prone_annotations-2.3.4.jar;D:\Users\Shailesh.Tripathi\.m2\repository\com\google\j2objc\j2objc-annotations\1.3\j2objc-annotations-1.3.jar;D:\Users\Shailesh.Tripathi\.m2\repository\net\sourceforge\htmlunit\htmlunit\2.44.0\htmlunit-2.44.0.jar;D:\Users\Shailesh.Tripathi\.m2\repository\xalan\xalan\2.7.2\xalan-2.7.2.jar;D:\Users\Shailesh.Tripathi\.m2\repository\xalan\serializer\2.7.2\serializer-2.7.2.jar;D:\Users\Shailesh.Tripathi\.m2\repository\org\apache\commons\commons-lang3\3.11\commons-lang3-3.11.jar;D:\Users\Shailesh.Tripathi\.m2\repository\org\apache\commons\commons-text\1.9\commons-text-1.9.jar;D:\Users\Shailesh.Tripathi\.m2\repository\org\apache\httpcomponents\httpmime\4.5.13\httpmime-4.5.13.jar;D:\Users\Shailesh.Tripathi\.m2\repository\net\sourceforge\htmlunit\htmlunit-core-js\2.44.0\htmlunit-core-js-2.44.0.jar;D:\Users\Shailesh.Tripathi\.m2\repository\net\sourceforge\htmlunit\neko-htmlunit\2.44.0\neko-htmlunit-2.44.0.jar;D:\Users\Shailesh.Tripathi\.m2\repository\xerces\xercesImpl\2.12.0\xercesImpl-2.12.0.jar;D:\Users\Shailesh.Tripathi\.m2\repository\xml-apis\xml-apis\1.4.01\xml-apis-1.4.01.jar;D:\Users\Shailesh.Tripathi\.m2\repository\net\sourceforge\htmlunit\htmlunit-cssparser\1.6.0\htmlunit-cssparser-1.6.0.jar;D:\Users\Shailesh.Tripathi\.m2\repository\commons-io\commons-io\2.8.0\commons-io-2.8.0.jar;D:\Users\Shailesh.Tripathi\.m2\repository\commons-net\commons-net\3.7.1\commons-net-3.7.1.jar;D:\Users\Shailesh.Tripathi\.m2\repository\org\brotli\dec\0.1.2\dec-0.1.2.jar;D:\Users\Shailesh.Tripathi\.m2\repository\com\shapesecurity\salvation2\3.0.0\salvation2-3.0.0.jar;D:\Users\Shailesh.Tripathi\.m2\repository\org\eclipse\jetty\websocket\websocket-client\9.4.34.v20201102\websocket-client-9.4.34.v20201102.jar;D:\Users\Shailesh.Tripathi\.m2\repository\org\eclipse\jetty\jetty-client\9.4.34.v20201102\jetty-client-9.4.34.v20201102.jar;D:\Users\Shailesh.Tripathi\.m2\repository\org\eclipse\jetty\jetty-http\9.4.34.v20201102\jetty-http-9.4.34.v20201102.jar;D:\Users\Shailesh.Tripathi\.m2\repository\org\eclipse\jetty\jetty-util\9.4.34.v20201102\jetty-util-9.4.34.v20201102.jar;D:\Users\Shailesh.Tripathi\.m2\repository\org\eclipse\jetty\jetty-io\9.4.34.v20201102\jetty-io-9.4.34.v20201102.jar;D:\Users\Shailesh.Tripathi\.m2\repository\org\eclipse\jetty\websocket\websocket-common\9.4.34.v20201102\websocket-common-9.4.34.v20201102.jar;D:\Users\Shailesh.Tripathi\.m2\repository\org\eclipse\jetty\websocket\websocket-api\9.4.34.v20201102\websocket-api-9.4.34.v20201102.jar;D:\Users\Shailesh.Tripathi\.m2\repository\com\h2database\h2\1.4.200\h2-1.4.200.jar;D:\Users\Shailesh.Tripathi\.m2\repository\org\springframework\boot\spring-boot-starter-data-jpa\2.4.0\spring-boot-starter-data-jpa-2.4.0.jar;D:\Users\Shailesh.Tripathi\.m2\repository\org\springframework\boot\spring-boot-starter-aop\2.4.0\spring-boot-starter-aop-2.4.0.jar;D:\Users\Shailesh.Tripathi\.m2\repository\org\aspectj\aspectjweaver\1.9.6\aspectjweaver-1.9.6.jar;D:\Users\Shailesh.Tripathi\.m2\repository\org\springframework\boot\spring-boot-starter-jdbc\2.4.0\spring-boot-starter-jdbc-2.4.0.jar;D:\Users\Shailesh.Tripathi\.m2\repository\com\zaxxer\HikariCP\3.4.5\HikariCP-3.4.5.jar;D:\Users\Shailesh.Tripathi\.m2\repository\org\springframework\spring-jdbc\5.3.1\spring-jdbc-5.3.1.jar;D:\Users\Shailesh.Tripathi\.m2\repository\jakarta\transaction\jakarta.transaction-api\1.3.3\jakarta.transaction-api-1.3.3.jar;D:\Users\Shailesh.Tripathi\.m2\repository\jakarta\persistence\jakarta.persistence-api\2.2.3\jakarta.persistence-api-2.2.3.jar;D:\Users\Shailesh.Tripathi\.m2\repository\org\hibernate\hibernate-core\5.4.23.Final\hibernate-core-5.4.23.Final.jar;D:\Users\Shailesh.Tripathi\.m2\repository\org\jboss\logging\jboss-logging\3.4.1.Final\jboss-logging-3.4.1.Final.jar;D:\Users\Shailesh.Tripathi\.m2\repository\org\javassist\javassist\3.24.0-GA\javassist-3.24.0-GA.jar;D:\Users\Shailesh.Tripathi\.m2\repository\antlr\antlr\2.7.7\antlr-2.7.7.jar;D:\Users\Shailesh.Tripathi\.m2\repository\org\jboss\jandex\2.1.3.Final\jandex-2.1.3.Final.jar;D:\Users\Shailesh.Tripathi\.m2\repository\com\fasterxml\classmate\1.5.1\classmate-1.5.1.jar;D:\Users\Shailesh.Tripathi\.m2\repository\org\dom4j\dom4j\2.1.3\dom4j-2.1.3.jar;D:\Users\Shailesh.Tripathi\.m2\repository\org\hibernate\common\hibernate-commons-annotations\5.1.2.Final\hibernate-commons-annotations-5.1.2.Final.jar;D:\Users\Shailesh.Tripathi\.m2\repository\org\glassfish\jaxb\jaxb-runtime\2.3.3\jaxb-runtime-2.3.3.jar;D:\Users\Shailesh.Tripathi\.m2\repository\org\glassfish\jaxb\txw2\2.3.3\txw2-2.3.3.jar;D:\Users\Shailesh.Tripathi\.m2\repository\com\sun\istack\istack-commons-runtime\3.0.11\istack-commons-runtime-3.0.11.jar;D:\Users\Shailesh.Tripathi\.m2\repository\com\sun\activation\jakarta.activation\1.2.2\jakarta.activation-1.2.2.jar;D:\Users\Shailesh.Tripathi\.m2\repository\org\springframework\data\spring-data-jpa\2.4.1\spring-data-jpa-2.4.1.jar;D:\Users\Shailesh.Tripathi\.m2\repository\org\springframework\data\spring-data-commons\2.4.1\spring-data-commons-2.4.1.jar;D:\Users\Shailesh.Tripathi\.m2\repository\org\springframework\spring-orm\5.3.1\spring-orm-5.3.1.jar;D:\Users\Shailesh.Tripathi\.m2\repository\org\springframework\spring-tx\5.3.1\spring-tx-5.3.1.jar;D:\Users\Shailesh.Tripathi\.m2\repository\org\springframework\spring-aspects\5.3.1\spring-aspects-5.3.1.jar;D:\Users\Shailesh.Tripathi\.m2\repository\org\springframework\boot\spring-boot-starter-data-rest\2.4.0\spring-boot-starter-data-rest-2.4.0.jar;D:\Users\Shailesh.Tripathi\.m2\repository\org\springframework\data\spring-data-rest-webmvc\3.4.1\spring-data-rest-webmvc-3.4.1.jar;D:\Users\Shailesh.Tripathi\.m2\repository\org\springframework\data\spring-data-rest-core\3.4.1\spring-data-rest-core-3.4.1.jar;D:\Users\Shailesh.Tripathi\.m2\repository\org\atteo\evo-inflector\1.2.2\evo-inflector-1.2.2.jar;D:\Users\Shailesh.Tripathi\.m2\repository\com\fasterxml\jackson\core\jackson-annotations\2.11.3\jackson-annotations-2.11.3.jar;D:\Users\Shailesh.Tripathi\.m2\repository\org\springframework\boot\spring-boot-starter-hateoas\2.4.0\spring-boot-starter-hateoas-2.4.0.jar;D:\Users\Shailesh.Tripathi\.m2\repository\org\springframework\hateoas\spring-hateoas\1.2.1\spring-hateoas-1.2.1.jar;D:\Users\Shailesh.Tripathi\.m2\repository\org\springframework\plugin\spring-plugin-core\2.0.0.RELEASE\spring-plugin-core-2.0.0.RELEASE.jar;"/>
    <property name="java.vm.vendor" value="Oracle Corporation"/>
    <property name="sun.arch.data.model" value="64"/>
    <property name="user.variant" value=""/>
    <property name="java.vendor.url" value="https://java.oracle.com/"/>
    <property name="user.timezone" value="Asia/Calcutta"/>
    <property name="os.name" value="Windows Server 2016"/>
    <property name="java.vm.specification.version" value="14"/>
    <property name="sun.java.launcher" value="SUN_STANDARD"/>
    <property name="user.country" value="US"/>
    <property name="sun.boot.library.path" value="C:\Tools\jdk-14\bin"/>
    <property name="sun.java.command" value="D:\Users\Shailesh.Tripathi\AppData\Local\Temp\1\surefire7119582630402808014\surefirebooter9807419078001282499.jar D:\Users\Shailesh.Tripathi\AppData\Local\Temp\1\surefire7119582630402808014 2020-11-26T00-07-44_894-jvmRun1 surefire12491439439397802489tmp surefire_03331404604790435726tmp"/>
    <property name="jdk.debug" value="release"/>
    <property name="surefire.test.class.path" value="D:\Users\Shailesh.Tripathi\IdeaProjects\Assessment\target\test-classes;D:\Users\Shailesh.Tripathi\IdeaProjects\Assessment\target\classes;D:\Users\Shailesh.Tripathi\.m2\repository\org\springframework\boot\spring-boot-starter-web\2.4.0\spring-boot-starter-web-2.4.0.jar;D:\Users\Shailesh.Tripathi\.m2\repository\org\springframework\boot\spring-boot-starter\2.4.0\spring-boot-starter-2.4.0.jar;D:\Users\Shailesh.Tripathi\.m2\repository\org\springframework\boot\spring-boot\2.4.0\spring-boot-2.4.0.jar;D:\Users\Shailesh.Tripathi\.m2\repository\org\springframework\boot\spring-boot-autoconfigure\2.4.0\spring-boot-autoconfigure-2.4.0.jar;D:\Users\Shailesh.Tripathi\.m2\repository\org\springframework\boot\spring-boot-starter-logging\2.4.0\spring-boot-starter-logging-2.4.0.jar;D:\Users\Shailesh.Tripathi\.m2\repository\ch\qos\logback\logback-classic\1.2.3\logback-classic-1.2.3.jar;D:\Users\Shailesh.Tripathi\.m2\repository\ch\qos\logback\logback-core\1.2.3\logback-core-1.2.3.jar;D:\Users\Shailesh.Tripathi\.m2\repository\org\apache\logging\log4j\log4j-to-slf4j\2.13.3\log4j-to-slf4j-2.13.3.jar;D:\Users\Shailesh.Tripathi\.m2\repository\org\apache\logging\log4j\log4j-api\2.13.3\log4j-api-2.13.3.jar;D:\Users\Shailesh.Tripathi\.m2\repository\org\slf4j\jul-to-slf4j\1.7.30\jul-to-slf4j-1.7.30.jar;D:\Users\Shailesh.Tripathi\.m2\repository\jakarta\annotation\jakarta.annotation-api\1.3.5\jakarta.annotation-api-1.3.5.jar;D:\Users\Shailesh.Tripathi\.m2\repository\org\yaml\snakeyaml\1.27\snakeyaml-1.27.jar;D:\Users\Shailesh.Tripathi\.m2\repository\org\springframework\boot\spring-boot-starter-json\2.4.0\spring-boot-starter-json-2.4.0.jar;D:\Users\Shailesh.Tripathi\.m2\repository\com\fasterxml\jackson\core\jackson-databind\2.11.3\jackson-databind-2.11.3.jar;D:\Users\Shailesh.Tripathi\.m2\repository\com\fasterxml\jackson\core\jackson-core\2.11.3\jackson-core-2.11.3.jar;D:\Users\Shailesh.Tripathi\.m2\repository\com\fasterxml\jackson\datatype\jackson-datatype-jdk8\2.11.3\jackson-datatype-jdk8-2.11.3.jar;D:\Users\Shailesh.Tripathi\.m2\repository\com\fasterxml\jackson\datatype\jackson-datatype-jsr310\2.11.3\jackson-datatype-jsr310-2.11.3.jar;D:\Users\Shailesh.Tripathi\.m2\repository\com\fasterxml\jackson\module\jackson-module-parameter-names\2.11.3\jackson-module-parameter-names-2.11.3.jar;D:\Users\Shailesh.Tripathi\.m2\repository\org\springframework\boot\spring-boot-starter-tomcat\2.4.0\spring-boot-starter-tomcat-2.4.0.jar;D:\Users\Shailesh.Tripathi\.m2\repository\org\apache\tomcat\embed\tomcat-embed-core\9.0.39\tomcat-embed-core-9.0.39.jar;D:\Users\Shailesh.Tripathi\.m2\repository\org\glassfish\jakarta.el\3.0.3\jakarta.el-3.0.3.jar;D:\Users\Shailesh.Tripathi\.m2\repository\org\apache\tomcat\embed\tomcat-embed-websocket\9.0.39\tomcat-embed-websocket-9.0.39.jar;D:\Users\Shailesh.Tripathi\.m2\repository\org\springframework\spring-web\5.3.1\spring-web-5.3.1.jar;D:\Users\Shailesh.Tripathi\.m2\repository\org\springframework\spring-beans\5.3.1\spring-beans-5.3.1.jar;D:\Users\Shailesh.Tripathi\.m2\repository\org\springframework\spring-webmvc\5.3.1\spring-webmvc-5.3.1.jar;D:\Users\Shailesh.Tripathi\.m2\repository\org\springframework\spring-aop\5.3.1\spring-aop-5.3.1.jar;D:\Users\Shailesh.Tripathi\.m2\repository\org\springframework\spring-context\5.3.1\spring-context-5.3.1.jar;D:\Users\Shailesh.Tripathi\.m2\repository\org\springframework\spring-expression\5.3.1\spring-expression-5.3.1.jar;D:\Users\Shailesh.Tripathi\.m2\repository\org\projectlombok\lombok\1.18.16\lombok-1.18.16.jar;D:\Users\Shailesh.Tripathi\.m2\repository\org\springframework\boot\spring-boot-starter-test\2.4.0\spring-boot-starter-test-2.4.0.jar;D:\Users\Shailesh.Tripathi\.m2\repository\org\springframework\boot\spring-boot-test\2.4.0\spring-boot-test-2.4.0.jar;D:\Users\Shailesh.Tripathi\.m2\repository\org\springframework\boot\spring-boot-test-autoconfigure\2.4.0\spring-boot-test-autoconfigure-2.4.0.jar;D:\Users\Shailesh.Tripathi\.m2\repository\com\jayway\jsonpath\json-path\2.4.0\json-path-2.4.0.jar;D:\Users\Shailesh.Tripathi\.m2\repository\net\minidev\json-smart\2.3\json-smart-2.3.jar;D:\Users\Shailesh.Tripathi\.m2\repository\net\minidev\accessors-smart\1.2\accessors-smart-1.2.jar;D:\Users\Shailesh.Tripathi\.m2\repository\org\ow2\asm\asm\5.0.4\asm-5.0.4.jar;D:\Users\Shailesh.Tripathi\.m2\repository\org\slf4j\slf4j-api\1.7.30\slf4j-api-1.7.30.jar;D:\Users\Shailesh.Tripathi\.m2\repository\jakarta\xml\bind\jakarta.xml.bind-api\2.3.3\jakarta.xml.bind-api-2.3.3.jar;D:\Users\Shailesh.Tripathi\.m2\repository\jakarta\activation\jakarta.activation-api\1.2.2\jakarta.activation-api-1.2.2.jar;D:\Users\Shailesh.Tripathi\.m2\repository\org\assertj\assertj-core\3.18.1\assertj-core-3.18.1.jar;D:\Users\Shailesh.Tripathi\.m2\repository\org\hamcrest\hamcrest\2.2\hamcrest-2.2.jar;D:\Users\Shailesh.Tripathi\.m2\repository\org\junit\jupiter\junit-jupiter\5.7.0\junit-jupiter-5.7.0.jar;D:\Users\Shailesh.Tripathi\.m2\repository\org\junit\jupiter\junit-jupiter-api\5.7.0\junit-jupiter-api-5.7.0.jar;D:\Users\Shailesh.Tripathi\.m2\repository\org\apiguardian\apiguardian-api\1.1.0\apiguardian-api-1.1.0.jar;D:\Users\Shailesh.Tripathi\.m2\repository\org\opentest4j\opentest4j\1.2.0\opentest4j-1.2.0.jar;D:\Users\Shailesh.Tripathi\.m2\repository\org\junit\platform\junit-platform-commons\1.7.0\junit-platform-commons-1.7.0.jar;D:\Users\Shailesh.Tripathi\.m2\repository\org\junit\jupiter\junit-jupiter-params\5.7.0\junit-jupiter-params-5.7.0.jar;D:\Users\Shailesh.Tripathi\.m2\repository\org\junit\jupiter\junit-jupiter-engine\5.7.0\junit-jupiter-engine-5.7.0.jar;D:\Users\Shailesh.Tripathi\.m2\repository\org\junit\platform\junit-platform-engine\1.7.0\junit-platform-engine-1.7.0.jar;D:\Users\Shailesh.Tripathi\.m2\repository\org\mockito\mockito-core\3.6.0\mockito-core-3.6.0.jar;D:\Users\Shailesh.Tripathi\.m2\repository\net\bytebuddy\byte-buddy\1.10.18\byte-buddy-1.10.18.jar;D:\Users\Shailesh.Tripathi\.m2\repository\net\bytebuddy\byte-buddy-agent\1.10.18\byte-buddy-agent-1.10.18.jar;D:\Users\Shailesh.Tripathi\.m2\repository\org\objenesis\objenesis\3.1\objenesis-3.1.jar;D:\Users\Shailesh.Tripathi\.m2\repository\org\mockito\mockito-junit-jupiter\3.6.0\mockito-junit-jupiter-3.6.0.jar;D:\Users\Shailesh.Tripathi\.m2\repository\org\skyscreamer\jsonassert\1.5.0\jsonassert-1.5.0.jar;D:\Users\Shailesh.Tripathi\.m2\repository\com\vaadin\external\google\android-json\0.0.20131108.vaadin1\android-json-0.0.20131108.vaadin1.jar;D:\Users\Shailesh.Tripathi\.m2\repository\org\springframework\spring-core\5.3.1\spring-core-5.3.1.jar;D:\Users\Shailesh.Tripathi\.m2\repository\org\springframework\spring-jcl\5.3.1\spring-jcl-5.3.1.jar;D:\Users\Shailesh.Tripathi\.m2\repository\org\springframework\spring-test\5.3.1\spring-test-5.3.1.jar;D:\Users\Shailesh.Tripathi\.m2\repository\org\xmlunit\xmlunit-core\2.7.0\xmlunit-core-2.7.0.jar;D:\Users\Shailesh.Tripathi\.m2\repository\org\apache\httpcomponents\httpclient\4.5.2\httpclient-4.5.2.jar;D:\Users\Shailesh.Tripathi\.m2\repository\org\apache\httpcomponents\httpcore\4.4.13\httpcore-4.4.13.jar;D:\Users\Shailesh.Tripathi\.m2\repository\commons-codec\commons-codec\1.15\commons-codec-1.15.jar;D:\Users\Shailesh.Tripathi\.m2\repository\junit\junit\4.13.1\junit-4.13.1.jar;D:\Users\Shailesh.Tripathi\.m2\repository\org\hamcrest\hamcrest-core\2.2\hamcrest-core-2.2.jar;D:\Users\Shailesh.Tripathi\.m2\repository\com\google\guava\guava\28.2-android\guava-28.2-android.jar;D:\Users\Shailesh.Tripathi\.m2\repository\com\google\guava\failureaccess\1.0.1\failureaccess-1.0.1.jar;D:\Users\Shailesh.Tripathi\.m2\repository\com\google\guava\listenablefuture\9999.0-empty-to-avoid-conflict-with-guava\listenablefuture-9999.0-empty-to-avoid-conflict-with-guava.jar;D:\Users\Shailesh.Tripathi\.m2\repository\com\google\code\findbugs\jsr305\3.0.2\jsr305-3.0.2.jar;D:\Users\Shailesh.Tripathi\.m2\repository\org\checkerframework\checker-compat-qual\2.5.5\checker-compat-qual-2.5.5.jar;D:\Users\Shailesh.Tripathi\.m2\repository\com\google\errorprone\error_prone_annotations\2.3.4\error_prone_annotations-2.3.4.jar;D:\Users\Shailesh.Tripathi\.m2\repository\com\google\j2objc\j2objc-annotations\1.3\j2objc-annotations-1.3.jar;D:\Users\Shailesh.Tripathi\.m2\repository\net\sourceforge\htmlunit\htmlunit\2.44.0\htmlunit-2.44.0.jar;D:\Users\Shailesh.Tripathi\.m2\repository\xalan\xalan\2.7.2\xalan-2.7.2.jar;D:\Users\Shailesh.Tripathi\.m2\repository\xalan\serializer\2.7.2\serializer-2.7.2.jar;D:\Users\Shailesh.Tripathi\.m2\repository\org\apache\commons\commons-lang3\3.11\commons-lang3-3.11.jar;D:\Users\Shailesh.Tripathi\.m2\repository\org\apache\commons\commons-text\1.9\commons-text-1.9.jar;D:\Users\Shailesh.Tripathi\.m2\repository\org\apache\httpcomponents\httpmime\4.5.13\httpmime-4.5.13.jar;D:\Users\Shailesh.Tripathi\.m2\repository\net\sourceforge\htmlunit\htmlunit-core-js\2.44.0\htmlunit-core-js-2.44.0.jar;D:\Users\Shailesh.Tripathi\.m2\repository\net\sourceforge\htmlunit\neko-htmlunit\2.44.0\neko-htmlunit-2.44.0.jar;D:\Users\Shailesh.Tripathi\.m2\repository\xerces\xercesImpl\2.12.0\xercesImpl-2.12.0.jar;D:\Users\Shailesh.Tripathi\.m2\repository\xml-apis\xml-apis\1.4.01\xml-apis-1.4.01.jar;D:\Users\Shailesh.Tripathi\.m2\repository\net\sourceforge\htmlunit\htmlunit-cssparser\1.6.0\htmlunit-cssparser-1.6.0.jar;D:\Users\Shailesh.Tripathi\.m2\repository\commons-io\commons-io\2.8.0\commons-io-2.8.0.jar;D:\Users\Shailesh.Tripathi\.m2\repository\commons-net\commons-net\3.7.1\commons-net-3.7.1.jar;D:\Users\Shailesh.Tripathi\.m2\repository\org\brotli\dec\0.1.2\dec-0.1.2.jar;D:\Users\Shailesh.Tripathi\.m2\repository\com\shapesecurity\salvation2\3.0.0\salvation2-3.0.0.jar;D:\Users\Shailesh.Tripathi\.m2\repository\org\eclipse\jetty\websocket\websocket-client\9.4.34.v20201102\websocket-client-9.4.34.v20201102.jar;D:\Users\Shailesh.Tripathi\.m2\repository\org\eclipse\jetty\jetty-client\9.4.34.v20201102\jetty-client-9.4.34.v20201102.jar;D:\Users\Shailesh.Tripathi\.m2\repository\org\eclipse\jetty\jetty-http\9.4.34.v20201102\jetty-http-9.4.34.v20201102.jar;D:\Users\Shailesh.Tripathi\.m2\repository\org\eclipse\jetty\jetty-util\9.4.34.v20201102\jetty-util-9.4.34.v20201102.jar;D:\Users\Shailesh.Tripathi\.m2\repository\org\eclipse\jetty\jetty-io\9.4.34.v20201102\jetty-io-9.4.34.v20201102.jar;D:\Users\Shailesh.Tripathi\.m2\repository\org\eclipse\jetty\websocket\websocket-common\9.4.34.v20201102\websocket-common-9.4.34.v20201102.jar;D:\Users\Shailesh.Tripathi\.m2\repository\org\eclipse\jetty\websocket\websocket-api\9.4.34.v20201102\websocket-api-9.4.34.v20201102.jar;D:\Users\Shailesh.Tripathi\.m2\repository\com\h2database\h2\1.4.200\h2-1.4.200.jar;D:\Users\Shailesh.Tripathi\.m2\repository\org\springframework\boot\spring-boot-starter-data-jpa\2.4.0\spring-boot-starter-data-jpa-2.4.0.jar;D:\Users\Shailesh.Tripathi\.m2\repository\org\springframework\boot\spring-boot-starter-aop\2.4.0\spring-boot-starter-aop-2.4.0.jar;D:\Users\Shailesh.Tripathi\.m2\repository\org\aspectj\aspectjweaver\1.9.6\aspectjweaver-1.9.6.jar;D:\Users\Shailesh.Tripathi\.m2\repository\org\springframework\boot\spring-boot-starter-jdbc\2.4.0\spring-boot-starter-jdbc-2.4.0.jar;D:\Users\Shailesh.Tripathi\.m2\repository\com\zaxxer\HikariCP\3.4.5\HikariCP-3.4.5.jar;D:\Users\Shailesh.Tripathi\.m2\repository\org\springframework\spring-jdbc\5.3.1\spring-jdbc-5.3.1.jar;D:\Users\Shailesh.Tripathi\.m2\repository\jakarta\transaction\jakarta.transaction-api\1.3.3\jakarta.transaction-api-1.3.3.jar;D:\Users\Shailesh.Tripathi\.m2\repository\jakarta\persistence\jakarta.persistence-api\2.2.3\jakarta.persistence-api-2.2.3.jar;D:\Users\Shailesh.Tripathi\.m2\repository\org\hibernate\hibernate-core\5.4.23.Final\hibernate-core-5.4.23.Final.jar;D:\Users\Shailesh.Tripathi\.m2\repository\org\jboss\logging\jboss-logging\3.4.1.Final\jboss-logging-3.4.1.Final.jar;D:\Users\Shailesh.Tripathi\.m2\repository\org\javassist\javassist\3.24.0-GA\javassist-3.24.0-GA.jar;D:\Users\Shailesh.Tripathi\.m2\repository\antlr\antlr\2.7.7\antlr-2.7.7.jar;D:\Users\Shailesh.Tripathi\.m2\repository\org\jboss\jandex\2.1.3.Final\jandex-2.1.3.Final.jar;D:\Users\Shailesh.Tripathi\.m2\repository\com\fasterxml\classmate\1.5.1\classmate-1.5.1.jar;D:\Users\Shailesh.Tripathi\.m2\repository\org\dom4j\dom4j\2.1.3\dom4j-2.1.3.jar;D:\Users\Shailesh.Tripathi\.m2\repository\org\hibernate\common\hibernate-commons-annotations\5.1.2.Final\hibernate-commons-annotations-5.1.2.Final.jar;D:\Users\Shailesh.Tripathi\.m2\repository\org\glassfish\jaxb\jaxb-runtime\2.3.3\jaxb-runtime-2.3.3.jar;D:\Users\Shailesh.Tripathi\.m2\repository\org\glassfish\jaxb\txw2\2.3.3\txw2-2.3.3.jar;D:\Users\Shailesh.Tripathi\.m2\repository\com\sun\istack\istack-commons-runtime\3.0.11\istack-commons-runtime-3.0.11.jar;D:\Users\Shailesh.Tripathi\.m2\repository\com\sun\activation\jakarta.activation\1.2.2\jakarta.activation-1.2.2.jar;D:\Users\Shailesh.Tripathi\.m2\repository\org\springframework\data\spring-data-jpa\2.4.1\spring-data-jpa-2.4.1.jar;D:\Users\Shailesh.Tripathi\.m2\repository\org\springframework\data\spring-data-commons\2.4.1\spring-data-commons-2.4.1.jar;D:\Users\Shailesh.Tripathi\.m2\repository\org\springframework\spring-orm\5.3.1\spring-orm-5.3.1.jar;D:\Users\Shailesh.Tripathi\.m2\repository\org\springframework\spring-tx\5.3.1\spring-tx-5.3.1.jar;D:\Users\Shailesh.Tripathi\.m2\repository\org\springframework\spring-aspects\5.3.1\spring-aspects-5.3.1.jar;D:\Users\Shailesh.Tripathi\.m2\repository\org\springframework\boot\spring-boot-starter-data-rest\2.4.0\spring-boot-starter-data-rest-2.4.0.jar;D:\Users\Shailesh.Tripathi\.m2\repository\org\springframework\data\spring-data-rest-webmvc\3.4.1\spring-data-rest-webmvc-3.4.1.jar;D:\Users\Shailesh.Tripathi\.m2\repository\org\springframework\data\spring-data-rest-core\3.4.1\spring-data-rest-core-3.4.1.jar;D:\Users\Shailesh.Tripathi\.m2\repository\org\atteo\evo-inflector\1.2.2\evo-inflector-1.2.2.jar;D:\Users\Shailesh.Tripathi\.m2\repository\com\fasterxml\jackson\core\jackson-annotations\2.11.3\jackson-annotations-2.11.3.jar;D:\Users\Shailesh.Tripathi\.m2\repository\org\springframework\boot\spring-boot-starter-hateoas\2.4.0\spring-boot-starter-hateoas-2.4.0.jar;D:\Users\Shailesh.Tripathi\.m2\repository\org\springframework\hateoas\spring-hateoas\1.2.1\spring-hateoas-1.2.1.jar;D:\Users\Shailesh.Tripathi\.m2\repository\org\springframework\plugin\spring-plugin-core\2.0.0.RELEASE\spring-plugin-core-2.0.0.RELEASE.jar;"/>
    <property name="sun.cpu.endian" value="little"/>
    <property name="user.home" value="D:\Users\Shailesh.Tripathi"/>
    <property name="user.language" value="en"/>
    <property name="java.specification.vendor" value="Oracle Corporation"/>
    <property name="java.version.date" value="2020-03-17"/>
    <property name="java.home" value="C:\Tools\jdk-14"/>
    <property name="file.separator" value="\"/>
    <property name="basedir" value="D:\Users\Shailesh.Tripathi\IdeaProjects\Assessment"/>
    <property name="java.vm.compressedOopsMode" value="Zero based"/>
    <property name="line.separator" value="&#10;"/>
    <property name="java.vm.specification.vendor" value="Oracle Corporation"/>
    <property name="java.specification.name" value="Java Platform API Specification"/>
    <property name="surefire.real.class.path" value="D:\Users\Shailesh.Tripathi\AppData\Local\Temp\1\surefire7119582630402808014\surefirebooter9807419078001282499.jar"/>
    <property name="user.script" value=""/>
    <property name="sun.management.compiler" value="HotSpot 64-Bit Tiered Compilers"/>
    <property name="java.runtime.version" value="14+36-1461"/>
    <property name="user.name" value="Shailesh.Tripathi"/>
    <property name="path.separator" value=";"/>
    <property name="os.version" value="10.0"/>
    <property name="java.runtime.name" value="OpenJDK Runtime Environment"/>
    <property name="file.encoding" value="Cp1252"/>
    <property name="java.vm.name" value="OpenJDK 64-Bit Server VM"/>
    <property name="localRepository" value="D:\Users\Shailesh.Tripathi\.m2\repository"/>
    <property name="java.vendor.url.bug" value="https://bugreport.java.com/bugreport/"/>
    <property name="java.io.tmpdir" value="D:\Users\Shailesh.Tripathi\AppData\Local\Temp\1\"/>
    <property name="java.version" value="14"/>
    <property name="user.dir" value="D:\Users\Shailesh.Tripathi\IdeaProjects\Assessment"/>
    <property name="os.arch" value="amd64"/>
    <property name="java.vm.specification.name" value="Java Virtual Machine Specification"/>
    <property name="sun.os.patch.level" value=""/>
    <property name="java.library.path" value="C:\Tools\jdk-14\bin;C:\Windows\Sun\Java\bin;C:\Windows\system32;C:\Windows;C:\Windows\system32;C:\Windows;C:\Windows\System32\Wbem;C:\Windows\System32\WindowsPowerShell\v1.0\;C:\Program Files\Amazon\cfn-bootstrap\;C:\Tools\jdk-14\bin;C:\Tools\maven\bin;C:\Program Files\Git\cmd;C:\Program Files\PuTTY\;C:\Program Files\Docker;C:\Program Files\OpenSSH-Win64;D:\Users\Shailesh.Tripathi\AppData\Local\Microsoft\WindowsApps;;."/>
    <property name="java.vm.info" value="mixed mode, sharing"/>
    <property name="java.vendor" value="Oracle Corporation"/>
    <property name="java.vm.version" value="14+36-1461"/>
    <property name="sun.io.unicode.encoding" value="UnicodeLittle"/>
    <property name="java.class.version" value="58.0"/>
  </properties>
  <testcase name="getTeamStanding" classname="com.football.service.GetTeamServiceTest" time="0.421"/>
</testsuite>